TN:
SF:src/components/clock/vector_clock.ts
FN:5,(anonymous_0)
FN:13,increment
FN:22,merge
FN:36,compare
FN:66,happensBefore
FN:72,newVectorClock
FN:77,clone
FNF:7
FNH:7
FNDA:1,(anonymous_0)
FNDA:3,increment
FNDA:1,merge
FNDA:7,compare
FNDA:3,happensBefore
FNDA:1,newVectorClock
FNDA:2,clone
DA:5,1
DA:6,1
DA:7,1
DA:8,1
DA:9,1
DA:13,1
DA:14,3
DA:15,1
DA:17,3
DA:18,3
DA:22,1
DA:23,1
DA:24,1
DA:25,2
DA:27,1
DA:28,2
DA:29,2
DA:32,1
DA:36,1
DA:37,7
DA:38,7
DA:40,7
DA:42,7
DA:43,14
DA:44,14
DA:46,14
DA:47,3
DA:49,14
DA:50,3
DA:54,7
DA:55,2
DA:56,5
DA:57,2
DA:58,3
DA:59,2
DA:61,1
DA:66,1
DA:67,3
DA:68,3
DA:72,1
DA:73,1
DA:77,1
DA:78,2
DA:79,1
DA:81,1
LF:45
LH:45
BRDA:5,0,0,1
BRDA:5,0,1,1
BRDA:14,1,0,1
BRDA:17,2,0,3
BRDA:17,2,1,2
BRDA:28,3,0,2
BRDA:28,4,0,2
BRDA:28,4,1,1
BRDA:43,5,0,14
BRDA:43,5,1,0
BRDA:44,6,0,14
BRDA:44,6,1,0
BRDA:46,7,0,3
BRDA:49,8,0,3
BRDA:54,9,0,2
BRDA:54,9,1,5
BRDA:54,10,0,7
BRDA:54,10,1,4
BRDA:56,11,0,2
BRDA:56,11,1,3
BRDA:56,12,0,5
BRDA:56,12,1,3
BRDA:58,13,0,2
BRDA:58,13,1,1
BRDA:58,14,0,3
BRDA:58,14,1,3
BRDA:68,15,0,3
BRDA:68,15,1,2
BRDA:78,16,0,1
BRF:29
BRH:27
end_of_record
TN:
SF:src/components/collection/distributed_collection.ts
FN:20,(anonymous_0)
FN:25,(anonymous_1)
FN:34,(anonymous_2)
FN:38,(anonymous_3)
FN:42,(anonymous_4)
FN:46,(anonymous_5)
FN:50,(anonymous_6)
FN:66,(anonymous_7)
FN:91,(anonymous_8)
FN:98,(anonymous_9)
FN:99,(anonymous_10)
FN:111,(anonymous_11)
FN:119,(anonymous_12)
FN:128,(anonymous_13)
FN:150,(anonymous_14)
FN:157,(anonymous_15)
FN:196,(anonymous_16)
FN:215,(anonymous_17)
FN:233,(anonymous_18)
FN:237,(anonymous_19)
FN:241,(anonymous_20)
FN:246,(anonymous_21)
FN:252,(anonymous_22)
FN:270,(anonymous_23)
FN:300,(anonymous_24)
FN:317,(anonymous_25)
FN:322,(anonymous_26)
FN:345,(anonymous_27)
FN:360,(anonymous_28)
FN:366,(anonymous_29)
FNF:30
FNH:0
FNDA:0,(anonymous_0)
FNDA:0,(anonymous_1)
FNDA:0,(anonymous_2)
FNDA:0,(anonymous_3)
FNDA:0,(anonymous_4)
FNDA:0,(anonymous_5)
FNDA:0,(anonymous_6)
FNDA:0,(anonymous_7)
FNDA:0,(anonymous_8)
FNDA:0,(anonymous_9)
FNDA:0,(anonymous_10)
FNDA:0,(anonymous_11)
FNDA:0,(anonymous_12)
FNDA:0,(anonymous_13)
FNDA:0,(anonymous_14)
FNDA:0,(anonymous_15)
FNDA:0,(anonymous_16)
FNDA:0,(anonymous_17)
FNDA:0,(anonymous_18)
FNDA:0,(anonymous_19)
FNDA:0,(anonymous_20)
FNDA:0,(anonymous_21)
FNDA:0,(anonymous_22)
FNDA:0,(anonymous_23)
FNDA:0,(anonymous_24)
FNDA:0,(anonymous_25)
FNDA:0,(anonymous_26)
FNDA:0,(anonymous_27)
FNDA:0,(anonymous_28)
FNDA:0,(anonymous_29)
DA:1,0
DA:4,0
DA:13,0
DA:16,0
DA:21,0
DA:22,0
DA:28,0
DA:29,0
DA:31,0
DA:35,0
DA:39,0
DA:43,0
DA:47,0
DA:51,0
DA:52,0
DA:53,0
DA:54,0
DA:55,0
DA:56,0
DA:57,0
DA:60,0
DA:63,0
DA:67,0
DA:68,0
DA:69,0
DA:70,0
DA:71,0
DA:72,0
DA:74,0
DA:77,0
DA:82,0
DA:85,0
DA:86,0
DA:87,0
DA:88,0
DA:92,0
DA:93,0
DA:94,0
DA:95,0
DA:99,0
DA:101,0
DA:102,0
DA:103,0
DA:104,0
DA:105,0
DA:107,0
DA:108,0
DA:111,0
DA:112,0
DA:113,0
DA:114,0
DA:115,0
DA:116,0
DA:119,0
DA:120,0
DA:121,0
DA:122,0
DA:123,0
DA:124,0
DA:129,0
DA:130,0
DA:133,0
DA:135,0
DA:136,0
DA:147,0
DA:151,0
DA:152,0
DA:153,0
DA:154,0
DA:158,0
DA:159,0
DA:160,0
DA:162,0
DA:165,0
DA:166,0
DA:167,0
DA:174,0
DA:176,0
DA:177,0
DA:178,0
DA:180,0
DA:190,0
DA:193,0
DA:197,0
DA:198,0
DA:199,0
DA:200,0
DA:210,0
DA:212,0
DA:216,0
DA:217,0
DA:218,0
DA:228,0
DA:230,0
DA:234,0
DA:238,0
DA:242,0
DA:243,0
DA:247,0
DA:253,0
DA:255,0
DA:256,0
DA:258,0
DA:259,0
DA:261,0
DA:272,0
DA:273,0
DA:274,0
DA:275,0
DA:278,0
DA:280,0
DA:282,0
DA:283,0
DA:284,0
DA:287,0
DA:288,0
DA:289,0
DA:294,0
DA:295,0
DA:296,0
DA:301,0
DA:302,0
DA:304,0
DA:305,0
DA:306,0
DA:308,0
DA:317,0
DA:318,0
DA:323,0
DA:324,0
DA:327,0
DA:328,0
DA:329,0
DA:330,0
DA:331,0
DA:332,0
DA:336,0
DA:346,0
DA:347,0
DA:349,0
DA:350,0
DA:353,0
DA:354,0
DA:355,0
DA:356,0
DA:361,0
DA:362,0
DA:363,0
DA:367,0
DA:368,0
LF:150
LH:0
BRDA:54,0,0,0
BRDA:54,0,1,0
BRDA:54,1,0,0
BRDA:54,1,1,0
BRDA:54,1,2,0
BRDA:56,2,0,0
BRDA:56,2,1,0
BRDA:69,3,0,0
BRDA:69,3,1,0
BRDA:69,4,0,0
BRDA:69,4,1,0
BRDA:69,4,2,0
BRDA:71,5,0,0
BRDA:71,5,1,0
BRDA:102,6,0,0
BRDA:104,7,0,0
BRDA:113,8,0,0
BRDA:115,9,0,0
BRDA:121,10,0,0
BRDA:123,11,0,0
BRDA:129,12,0,0
BRDA:151,13,0,0
BRDA:159,14,0,0
BRDA:165,15,0,0
BRDA:167,16,0,0
BRDA:167,17,0,0
BRDA:167,17,1,0
BRDA:176,18,0,0
BRDA:198,19,0,0
BRDA:198,20,0,0
BRDA:198,20,1,0
BRDA:217,21,0,0
BRDA:217,22,0,0
BRDA:217,22,1,0
BRDA:242,23,0,0
BRDA:243,24,0,0
BRDA:243,24,1,0
BRDA:253,25,0,0
BRDA:274,26,0,0
BRDA:280,27,0,0
BRDA:280,27,1,0
BRDA:283,28,0,0
BRDA:283,28,1,0
BRDA:288,29,0,0
BRDA:294,30,0,0
BRDA:301,31,0,0
BRDA:305,32,0,0
BRDA:329,33,0,0
BRDA:329,33,1,0
BRDA:330,34,0,0
BRDA:330,34,1,0
BRDA:331,35,0,0
BRDA:353,36,0,0
BRDA:361,37,0,0
BRDA:363,38,0,0
BRDA:363,38,1,0
BRDA:367,39,0,0
BRF:57
BRH:0
end_of_record
TN:
SF:src/components/crypto/pqc/encryption.ts
FN:4,(anonymous_0)
FN:9,(anonymous_1)
FN:14,(anonymous_2)
FN:19,(anonymous_3)
FN:60,(anonymous_4)
FN:105,(anonymous_5)
FN:110,(anonymous_6)
FN:115,(anonymous_7)
FNF:8
FNH:0
FNDA:0,(anonymous_0)
FNDA:0,(anonymous_1)
FNDA:0,(anonymous_2)
FNDA:0,(anonymous_3)
FNDA:0,(anonymous_4)
FNDA:0,(anonymous_5)
FNDA:0,(anonymous_6)
FNDA:0,(anonymous_7)
DA:1,0
DA:4,0
DA:6,0
DA:10,0
DA:15,0
DA:20,0
DA:22,0
DA:24,0
DA:25,0
DA:27,0
DA:31,0
DA:32,0
DA:36,0
DA:39,0
DA:46,0
DA:47,0
DA:50,0
DA:55,0
DA:56,0
DA:62,0
DA:65,0
DA:67,0
DA:68,0
DA:69,0
DA:72,0
DA:74,0
DA:75,0
DA:76,0
DA:79,0
DA:81,0
DA:83,0
DA:84,0
DA:86,0
DA:90,0
DA:91,0
DA:95,0
DA:96,0
DA:97,0
DA:101,0
DA:106,0
DA:111,0
DA:116,0
DA:117,0
DA:118,0
LF:44
LH:0
BRDA:22,0,0,0
BRDA:24,1,0,0
BRDA:24,1,1,0
BRDA:24,2,0,0
BRDA:24,2,1,0
BRDA:31,3,0,0
BRDA:81,4,0,0
BRDA:83,5,0,0
BRDA:83,5,1,0
BRDA:83,6,0,0
BRDA:83,6,1,0
BRDA:90,7,0,0
BRDA:96,8,0,0
BRF:13
BRH:0
end_of_record
TN:
SF:src/components/crypto/pqc/index.ts
FNF:0
FNH:0
DA:1,0
DA:2,0
LF:2
LH:0
BRF:0
BRH:0
end_of_record
TN:
SF:src/components/crypto/pqc/keys.ts
FN:29,generatePQCKeyPair
FN:65,loadPQCKeyPair
FN:85,marshalPublic
FN:95,marshalWithPrivateKeys
FN:100,encrypt
FN:105,decrypt
FN:111,sign
FN:117,verify
FN:122,isExpired
FN:128,isActive
FN:138,generateKyberKeyPair
FN:144,kyberEncrypt
FN:155,kyberDecrypt
FN:169,generateDilithiumKeyPair
FN:175,dilithiumSign
FN:181,dilithiumVerify
FNF:16
FNH:0
FNDA:0,generatePQCKeyPair
FNDA:0,loadPQCKeyPair
FNDA:0,marshalPublic
FNDA:0,marshalWithPrivateKeys
FNDA:0,encrypt
FNDA:0,decrypt
FNDA:0,sign
FNDA:0,verify
FNDA:0,isExpired
FNDA:0,isActive
FNDA:0,generateKyberKeyPair
FNDA:0,kyberEncrypt
FNDA:0,kyberDecrypt
FNDA:0,generateDilithiumKeyPair
FNDA:0,dilithiumSign
FNDA:0,dilithiumVerify
DA:1,0
DA:29,0
DA:31,0
DA:34,0
DA:37,0
DA:38,0
DA:41,0
DA:42,0
DA:43,0
DA:44,0
DA:46,0
DA:65,0
DA:66,0
DA:68,0
DA:81,0
DA:85,0
DA:86,0
DA:87,0
DA:88,0
DA:89,0
DA:90,0
DA:91,0
DA:95,0
DA:96,0
DA:100,0
DA:101,0
DA:105,0
DA:106,0
DA:107,0
DA:111,0
DA:112,0
DA:113,0
DA:117,0
DA:118,0
DA:122,0
DA:123,0
DA:124,0
DA:128,0
DA:129,0
DA:139,0
DA:140,0
DA:141,0
DA:146,0
DA:147,0
DA:148,0
DA:149,0
DA:150,0
DA:151,0
DA:152,0
DA:156,0
DA:157,0
DA:158,0
DA:159,0
DA:160,0
DA:170,0
DA:171,0
DA:172,0
DA:176,0
DA:177,0
DA:178,0
DA:182,0
DA:183,0
LF:62
LH:0
BRDA:71,0,0,0
BRDA:71,0,1,0
BRDA:106,1,0,0
BRDA:112,2,0,0
BRDA:123,3,0,0
BRDA:129,4,0,0
BRDA:129,4,1,0
BRF:7
BRH:0
end_of_record
TN:
SF:src/components/network/network_manager.ts
FN:43,(anonymous_9)
FN:47,(anonymous_10)
FN:50,(anonymous_11)
FN:51,(anonymous_12)
FN:55,(anonymous_13)
FN:65,(anonymous_14)
FN:89,(anonymous_15)
FN:124,(anonymous_16)
FN:130,(anonymous_17)
FN:150,(anonymous_18)
FN:160,(anonymous_19)
FN:165,(anonymous_20)
FN:181,(anonymous_21)
FN:197,(anonymous_22)
FN:203,(anonymous_23)
FN:211,(anonymous_24)
FN:215,(anonymous_25)
FN:219,(anonymous_26)
FN:230,(anonymous_27)
FN:235,(anonymous_28)
FN:260,(anonymous_29)
FN:267,(anonymous_30)
FN:269,(anonymous_31)
FN:273,(anonymous_32)
FN:297,(anonymous_33)
FNF:25
FNH:0
FNDA:0,(anonymous_9)
FNDA:0,(anonymous_10)
FNDA:0,(anonymous_11)
FNDA:0,(anonymous_12)
FNDA:0,(anonymous_13)
FNDA:0,(anonymous_14)
FNDA:0,(anonymous_15)
FNDA:0,(anonymous_16)
FNDA:0,(anonymous_17)
FNDA:0,(anonymous_18)
FNDA:0,(anonymous_19)
FNDA:0,(anonymous_20)
FNDA:0,(anonymous_21)
FNDA:0,(anonymous_22)
FNDA:0,(anonymous_23)
FNDA:0,(anonymous_24)
FNDA:0,(anonymous_25)
FNDA:0,(anonymous_26)
FNDA:0,(anonymous_27)
FNDA:0,(anonymous_28)
FNDA:0,(anonymous_29)
FNDA:0,(anonymous_30)
FNDA:0,(anonymous_31)
FNDA:0,(anonymous_32)
FNDA:0,(anonymous_33)
DA:1,0
DA:2,0
DA:3,0
DA:33,0
DA:35,0
DA:36,0
DA:37,0
DA:38,0
DA:39,0
DA:40,0
DA:44,0
DA:48,0
DA:50,0
DA:51,0
DA:52,0
DA:55,0
DA:56,0
DA:57,0
DA:58,0
DA:61,0
DA:66,0
DA:68,0
DA:69,0
DA:72,0
DA:73,0
DA:74,0
DA:85,0
DA:86,0
DA:90,0
DA:92,0
DA:93,0
DA:105,0
DA:106,0
DA:119,0
DA:120,0
DA:125,0
DA:126,0
DA:127,0
DA:131,0
DA:132,0
DA:134,0
DA:135,0
DA:136,0
DA:137,0
DA:141,0
DA:151,0
DA:152,0
DA:153,0
DA:154,0
DA:155,0
DA:156,0
DA:161,0
DA:162,0
DA:166,0
DA:168,0
DA:169,0
DA:170,0
DA:172,0
DA:173,0
DA:174,0
DA:175,0
DA:176,0
DA:182,0
DA:184,0
DA:185,0
DA:187,0
DA:188,0
DA:190,0
DA:191,0
DA:192,0
DA:193,0
DA:198,0
DA:199,0
DA:200,0
DA:204,0
DA:205,0
DA:206,0
DA:208,0
DA:212,0
DA:216,0
DA:220,0
DA:221,0
DA:223,0
DA:224,0
DA:226,0
DA:227,0
DA:231,0
DA:232,0
DA:235,0
DA:236,0
DA:237,0
DA:238,0
DA:239,0
DA:240,0
DA:241,0
DA:242,0
DA:243,0
DA:252,0
DA:253,0
DA:254,0
DA:260,0
DA:261,0
DA:262,0
DA:268,0
DA:269,0
DA:270,0
DA:273,0
DA:274,0
DA:275,0
DA:276,0
DA:277,0
DA:278,0
DA:279,0
DA:288,0
DA:289,0
DA:290,0
DA:298,0
DA:299,0
DA:300,0
LF:119
LH:0
BRDA:48,0,0,0
BRDA:68,1,0,0
BRDA:92,2,0,0
BRDA:132,3,0,0
BRDA:136,4,0,0
BRDA:152,5,0,0
BRDA:155,6,0,0
BRDA:162,7,0,0
BRDA:162,7,1,0
BRDA:166,8,0,0
BRDA:174,9,0,0
BRDA:182,10,0,0
BRDA:185,11,0,0
BRDA:191,12,0,0
BRDA:198,13,0,0
BRDA:198,13,1,0
BRDA:205,14,0,0
BRDA:208,15,0,0
BRDA:208,15,1,0
BRDA:220,16,0,0
BRDA:238,17,0,0
BRDA:239,18,0,0
BRDA:239,18,1,0
BRDA:261,19,0,0
BRDA:276,20,0,0
BRDA:276,20,1,0
BRDA:298,21,0,0
BRDA:298,21,1,0
BRF:28
BRH:0
end_of_record
TN:
SF:src/components/query/index.ts
FN:1,(anonymous_0)
FN:1,(anonymous_1)
FN:2,(anonymous_2)
FN:2,(anonymous_3)
FNF:4
FNH:0
FNDA:0,(anonymous_0)
FNDA:0,(anonymous_1)
FNDA:0,(anonymous_2)
FNDA:0,(anonymous_3)
DA:1,0
DA:2,0
LF:2
LH:0
BRF:0
BRH:0
end_of_record
TN:
SF:src/components/query/knirvql.ts
FN:9,(anonymous_0)
FN:33,(anonymous_1)
FN:170,(anonymous_2)
FN:186,(anonymous_3)
FN:203,(anonymous_4)
FN:219,(anonymous_5)
FN:273,(anonymous_6)
FN:286,(anonymous_7)
FN:302,(anonymous_8)
FN:321,(anonymous_9)
FN:354,(anonymous_10)
FNF:11
FNH:11
FNDA:17,(anonymous_0)
FNDA:8,(anonymous_1)
FNDA:2,(anonymous_2)
FNDA:2,(anonymous_3)
FNDA:2,(anonymous_4)
FNDA:1,(anonymous_5)
FNDA:1,(anonymous_6)
FNDA:2,(anonymous_7)
FNDA:1,(anonymous_8)
FNDA:1,(anonymous_9)
FNDA:2,(anonymous_10)
DA:1,2
DA:5,2
DA:10,17
DA:11,17
DA:12,17
DA:13,0
DA:16,17
DA:17,17
DA:19,8
DA:21,2
DA:23,2
DA:25,2
DA:27,2
DA:29,1
DA:34,8
DA:35,1
DA:38,7
DA:40,7
DA:41,6
DA:42,1
DA:43,1
DA:45,0
DA:48,7
DA:49,7
DA:50,7
DA:51,7
DA:53,7
DA:54,7
DA:55,7
DA:56,7
DA:57,7
DA:58,7
DA:63,7
DA:64,9
DA:65,3
DA:67,3
DA:68,4
DA:69,1
DA:70,3
DA:71,0
DA:72,3
DA:74,1
DA:75,1
DA:76,1
DA:77,1
DA:78,1
DA:79,1
DA:80,2
DA:81,2
DA:82,1
DA:86,1
DA:87,1
DA:88,2
DA:90,0
DA:91,0
DA:92,0
DA:93,0
DA:94,0
DA:95,0
DA:96,0
DA:97,0
DA:98,0
DA:102,0
DA:103,0
DA:104,2
DA:106,2
DA:107,2
DA:108,2
DA:111,2
DA:112,2
DA:116,2
DA:117,2
DA:118,2
DA:119,0
DA:120,2
DA:121,0
DA:122,2
DA:123,0
DA:126,2
DA:127,2
DA:129,0
DA:132,6
DA:133,1
DA:134,1
DA:135,1
DA:136,1
DA:137,1
DA:138,2
DA:139,2
DA:140,1
DA:144,1
DA:145,5
DA:146,2
DA:147,2
DA:148,2
DA:149,2
DA:150,2
DA:153,2
DA:156,3
DA:160,7
DA:171,2
DA:172,1
DA:175,1
DA:176,1
DA:178,1
DA:187,2
DA:188,1
DA:191,1
DA:193,1
DA:194,1
DA:197,1
DA:204,2
DA:205,0
DA:208,2
DA:209,2
DA:211,1
DA:213,1
DA:215,0
DA:220,1
DA:221,0
DA:225,1
DA:226,1
DA:227,1
DA:228,0
DA:230,1
DA:231,1
DA:233,1
DA:234,0
DA:237,1
DA:238,0
DA:241,1
DA:242,1
DA:244,1
DA:245,1
DA:247,1
DA:248,1
DA:249,1
DA:250,1
DA:251,1
DA:252,1
DA:253,1
DA:257,1
DA:260,1
DA:261,1
DA:264,1
DA:274,1
DA:275,0
DA:278,1
DA:280,1
DA:287,2
DA:288,0
DA:291,2
DA:292,2
DA:294,1
DA:296,1
DA:298,0
DA:303,1
DA:304,0
DA:308,1
DA:309,1
DA:310,1
DA:311,0
DA:314,1
DA:322,1
DA:323,0
DA:326,1
DA:328,1
DA:354,2
DA:355,2
DA:356,2
DA:357,2
DA:358,2
DA:359,2
DA:360,2
DA:361,2
LF:175
LH:145
BRDA:12,0,0,0
BRDA:17,1,0,8
BRDA:17,1,1,2
BRDA:17,1,2,2
BRDA:17,1,3,2
BRDA:17,1,4,2
BRDA:17,1,5,1
BRDA:34,2,0,1
BRDA:40,3,0,6
BRDA:40,3,1,1
BRDA:42,4,0,1
BRDA:42,4,1,0
BRDA:54,5,0,7
BRDA:54,6,0,7
BRDA:54,6,1,7
BRDA:56,7,0,7
BRDA:64,8,0,3
BRDA:64,8,1,6
BRDA:68,9,0,1
BRDA:68,9,1,3
BRDA:68,10,0,4
BRDA:68,10,1,1
BRDA:68,10,2,1
BRDA:70,11,0,0
BRDA:70,11,1,3
BRDA:72,12,0,1
BRDA:72,12,1,2
BRDA:72,13,0,3
BRDA:72,13,1,2
BRDA:72,13,2,1
BRDA:76,14,0,1
BRDA:81,15,0,1
BRDA:88,16,0,0
BRDA:88,16,1,2
BRDA:88,17,0,2
BRDA:88,17,1,1
BRDA:88,17,2,0
BRDA:92,18,0,0
BRDA:97,19,0,0
BRDA:104,20,0,2
BRDA:104,20,1,0
BRDA:111,21,0,2
BRDA:111,22,0,2
BRDA:111,22,1,2
BRDA:118,23,0,0
BRDA:118,23,1,2
BRDA:120,24,0,0
BRDA:120,24,1,2
BRDA:122,25,0,0
BRDA:132,26,0,1
BRDA:132,26,1,5
BRDA:132,27,0,6
BRDA:132,27,1,1
BRDA:132,27,2,1
BRDA:134,28,0,1
BRDA:139,29,0,1
BRDA:145,30,0,2
BRDA:145,30,1,3
BRDA:147,31,0,2
BRDA:149,32,0,2
BRDA:171,33,0,1
BRDA:171,34,0,2
BRDA:171,34,1,1
BRDA:187,35,0,1
BRDA:187,36,0,2
BRDA:187,36,1,1
BRDA:187,36,2,1
BRDA:187,36,3,1
BRDA:193,37,0,1
BRDA:193,38,0,1
BRDA:193,38,1,1
BRDA:204,39,0,0
BRDA:209,40,0,1
BRDA:209,40,1,1
BRDA:209,40,2,0
BRDA:220,41,0,0
BRDA:227,42,0,0
BRDA:233,43,0,0
BRDA:237,44,0,0
BRDA:245,45,0,1
BRDA:245,46,0,1
BRDA:245,46,1,1
BRDA:248,47,0,1
BRDA:252,48,0,1
BRDA:260,49,0,1
BRDA:260,50,0,1
BRDA:260,50,1,1
BRDA:274,51,0,0
BRDA:287,52,0,0
BRDA:292,53,0,1
BRDA:292,53,1,1
BRDA:292,53,2,0
BRDA:303,54,0,0
BRDA:310,55,0,0
BRDA:322,56,0,0
BRDA:354,57,0,2
BRDA:354,57,1,2
BRF:97
BRH:74
end_of_record
TN:
SF:src/components/query/optimizer.ts
FN:26,(anonymous_0)
FN:51,(anonymous_1)
FN:72,(anonymous_2)
FN:128,(anonymous_3)
FN:166,(anonymous_4)
FN:177,(anonymous_5)
FN:193,(anonymous_6)
FN:207,(anonymous_7)
FN:213,(anonymous_8)
FN:220,(anonymous_9)
FN:243,(anonymous_10)
FN:265,(anonymous_11)
FN:277,(anonymous_12)
FN:283,(anonymous_13)
FNF:14
FNH:13
FNDA:1,(anonymous_0)
FNDA:13,(anonymous_1)
FNDA:10,(anonymous_2)
FNDA:8,(anonymous_3)
FNDA:1,(anonymous_4)
FNDA:14,(anonymous_5)
FNDA:16,(anonymous_6)
FNDA:15,(anonymous_7)
FNDA:0,(anonymous_8)
FNDA:11,(anonymous_9)
FNDA:11,(anonymous_10)
FNDA:11,(anonymous_11)
FNDA:1,(anonymous_12)
FNDA:1,(anonymous_13)
DA:2,1
DA:26,1
DA:27,1
DA:28,1
DA:29,1
DA:46,1
DA:52,13
DA:53,13
DA:54,13
DA:60,13
DA:61,24
DA:62,24
DA:73,10
DA:87,10
DA:88,2
DA:89,2
DA:90,2
DA:94,8
DA:96,8
DA:97,5
DA:98,5
DA:99,5
DA:100,5
DA:101,5
DA:104,5
DA:105,5
DA:108,5
DA:109,4
DA:111,1
DA:115,3
DA:116,3
DA:120,8
DA:121,0
DA:124,8
DA:129,8
DA:130,0
DA:141,8
DA:144,8
DA:145,14
DA:147,14
DA:148,6
DA:149,6
DA:151,6
DA:161,8
DA:162,3
DA:166,5
DA:168,5
DA:169,5
DA:178,14
DA:179,14
DA:181,14
DA:182,16
DA:183,6
DA:185,10
DA:189,14
DA:194,16
DA:196,15
DA:198,0
DA:200,1
DA:202,0
DA:209,15
DA:216,0
DA:221,11
DA:222,0
DA:225,11
DA:226,11
DA:227,0
DA:231,11
DA:234,11
DA:235,11
DA:236,11
DA:239,11
DA:244,11
DA:245,11
DA:246,0
DA:250,11
DA:251,11
DA:252,11
DA:257,0
DA:258,0
DA:261,0
DA:266,11
DA:267,11
DA:270,11
DA:271,11
DA:273,11
DA:278,1
DA:279,1
DA:284,1
LF:89
LH:78
BRDA:26,0,0,1
BRDA:26,0,1,1
BRDA:54,1,0,13
BRDA:54,1,1,13
BRDA:61,2,0,24
BRDA:78,3,0,10
BRDA:78,3,1,0
BRDA:79,4,0,10
BRDA:79,4,1,9
BRDA:87,5,0,2
BRDA:87,6,0,10
BRDA:87,6,1,10
BRDA:88,7,0,1
BRDA:88,7,1,1
BRDA:88,8,0,2
BRDA:88,8,1,1
BRDA:96,9,0,5
BRDA:96,9,1,3
BRDA:108,10,0,4
BRDA:108,10,1,1
BRDA:120,11,0,0
BRDA:120,12,0,8
BRDA:120,12,1,0
BRDA:129,13,0,0
BRDA:147,14,0,6
BRDA:161,15,0,3
BRDA:182,16,0,6
BRDA:182,16,1,10
BRDA:194,17,0,15
BRDA:194,17,1,0
BRDA:194,17,2,1
BRDA:194,17,3,0
BRDA:221,18,0,0
BRDA:226,19,0,0
BRDA:245,20,0,0
BRDA:250,21,0,11
BRDA:251,22,0,11
BRDA:257,23,0,0
BRDA:267,24,0,11
BRDA:267,24,1,0
BRF:40
BRH:29
end_of_record
TN:
SF:src/components/resolver/crdt_resolver.ts
FN:5,ResolveConflict
FN:47,mergeDocuments
FN:64,ApplyOperation
FN:108,ToDistributed
FN:122,ToRegular
FN:128,cloneMap
FNF:6
FNH:0
FNDA:0,ResolveConflict
FNDA:0,mergeDocuments
FNDA:0,ApplyOperation
FNDA:0,ToDistributed
FNDA:0,ToRegular
FNDA:0,cloneMap
DA:1,0
DA:2,0
DA:5,0
DA:6,0
DA:7,0
DA:10,0
DA:11,0
DA:12,0
DA:13,0
DA:15,0
DA:17,0
DA:18,0
DA:19,0
DA:20,0
DA:22,0
DA:25,0
DA:27,0
DA:29,0
DA:31,0
DA:34,0
DA:35,0
DA:36,0
DA:37,0
DA:39,0
DA:40,0
DA:42,0
DA:44,0
DA:48,0
DA:49,0
DA:52,0
DA:53,0
DA:55,0
DA:56,0
DA:57,0
DA:60,0
DA:64,0
DA:65,0
DA:68,0
DA:69,0
DA:70,0
DA:71,0
DA:72,0
DA:73,0
DA:74,0
DA:77,0
DA:78,0
DA:80,0
DA:81,0
DA:82,0
DA:84,0
DA:85,0
DA:86,0
DA:89,0
DA:92,0
DA:93,0
DA:94,0
DA:95,0
DA:96,0
DA:97,0
DA:98,0
DA:101,0
DA:103,0
DA:108,0
DA:109,0
DA:110,0
DA:111,0
DA:122,0
DA:123,0
DA:124,0
DA:129,0
DA:130,0
LF:71
LH:0
BRDA:6,0,0,0
BRDA:7,1,0,0
BRDA:10,2,0,0
BRDA:10,3,0,0
BRDA:10,3,1,0
BRDA:12,4,0,0
BRDA:12,5,0,0
BRDA:12,5,1,0
BRDA:17,6,0,0
BRDA:17,7,0,0
BRDA:17,7,1,0
BRDA:19,8,0,0
BRDA:19,9,0,0
BRDA:19,9,1,0
BRDA:25,10,0,0
BRDA:25,10,1,0
BRDA:25,10,2,0
BRDA:25,10,3,0
BRDA:34,11,0,0
BRDA:34,11,1,0
BRDA:36,12,0,0
BRDA:39,13,0,0
BRDA:52,14,0,0
BRDA:55,15,0,0
BRDA:55,15,1,0
BRDA:56,16,0,0
BRDA:65,17,0,0
BRDA:65,17,1,0
BRDA:65,17,2,0
BRDA:65,17,3,0
BRDA:68,18,0,0
BRDA:69,19,0,0
BRDA:78,20,0,0
BRDA:78,21,0,0
BRDA:78,21,1,0
BRDA:80,22,0,0
BRDA:81,23,0,0
BRDA:81,23,1,0
BRDA:85,24,0,0
BRDA:92,25,0,0
BRDA:94,26,0,0
BRDA:94,27,0,0
BRDA:94,27,1,0
BRDA:97,28,0,0
BRDA:123,29,0,0
BRDA:124,30,0,0
BRDA:124,30,1,0
BRDA:129,31,0,0
BRF:48
BRH:0
end_of_record
TN:
SF:src/components/storage/index.ts
FN:4,(anonymous_9)
FN:10,(anonymous_10)
FN:14,(anonymous_11)
FN:23,(anonymous_12)
FN:41,(anonymous_13)
FN:77,(anonymous_14)
FN:81,(anonymous_15)
FN:104,(anonymous_16)
FN:118,(anonymous_17)
FN:123,(anonymous_18)
FN:133,(anonymous_19)
FN:157,(anonymous_20)
FN:175,(anonymous_21)
FN:193,(anonymous_22)
FN:237,(anonymous_23)
FN:251,(anonymous_24)
FN:265,(anonymous_25)
FN:280,(anonymous_26)
FN:288,(anonymous_27)
FN:297,(anonymous_28)
FN:311,(anonymous_29)
FN:319,(anonymous_30)
FN:322,(anonymous_31)
FN:328,(anonymous_32)
FN:333,(anonymous_33)
FN:342,(anonymous_34)
FN:345,(anonymous_35)
FN:350,(anonymous_36)
FN:361,(anonymous_37)
FN:367,(anonymous_38)
FN:384,(anonymous_39)
FN:398,(anonymous_40)
FNF:32
FNH:1
FNDA:1,(anonymous_9)
FNDA:0,(anonymous_10)
FNDA:0,(anonymous_11)
FNDA:0,(anonymous_12)
FNDA:0,(anonymous_13)
FNDA:0,(anonymous_14)
FNDA:0,(anonymous_15)
FNDA:0,(anonymous_16)
FNDA:0,(anonymous_17)
FNDA:0,(anonymous_18)
FNDA:0,(anonymous_19)
FNDA:0,(anonymous_20)
FNDA:0,(anonymous_21)
FNDA:0,(anonymous_22)
FNDA:0,(anonymous_23)
FNDA:0,(anonymous_24)
FNDA:0,(anonymous_25)
FNDA:0,(anonymous_26)
FNDA:0,(anonymous_27)
FNDA:0,(anonymous_28)
FNDA:0,(anonymous_29)
FNDA:0,(anonymous_30)
FNDA:0,(anonymous_31)
FNDA:0,(anonymous_32)
FNDA:0,(anonymous_33)
FNDA:0,(anonymous_34)
FNDA:0,(anonymous_35)
FNDA:0,(anonymous_36)
FNDA:0,(anonymous_37)
FNDA:0,(anonymous_38)
FNDA:0,(anonymous_39)
FNDA:0,(anonymous_40)
DA:1,1
DA:2,1
DA:4,1
DA:5,1
DA:6,1
DA:7,1
DA:10,1
DA:11,0
DA:14,1
DA:15,0
DA:18,1
DA:20,0
DA:21,0
DA:24,0
DA:28,1
DA:50,0
DA:51,0
DA:52,0
DA:53,0
DA:54,0
DA:55,0
DA:56,0
DA:58,0
DA:60,0
DA:61,0
DA:63,0
DA:64,0
DA:66,0
DA:67,0
DA:68,0
DA:73,1
DA:75,0
DA:78,0
DA:90,0
DA:92,0
DA:93,0
DA:96,0
DA:98,0
DA:101,0
DA:105,0
DA:107,0
DA:108,0
DA:111,0
DA:114,0
DA:115,0
DA:119,0
DA:120,0
DA:124,0
DA:125,0
DA:126,0
DA:127,0
DA:130,0
DA:134,0
DA:136,0
DA:137,0
DA:138,0
DA:141,0
DA:143,0
DA:145,0
DA:146,0
DA:148,0
DA:149,0
DA:151,0
DA:152,0
DA:158,0
DA:160,0
DA:161,0
DA:163,0
DA:164,0
DA:166,0
DA:167,0
DA:169,0
DA:170,0
DA:176,0
DA:177,0
DA:178,0
DA:181,0
DA:183,0
DA:185,0
DA:187,0
DA:189,0
DA:194,0
DA:196,0
DA:197,0
DA:199,0
DA:200,0
DA:202,0
DA:203,0
DA:205,0
DA:206,0
DA:208,0
DA:209,0
DA:211,0
DA:212,0
DA:214,0
DA:215,0
DA:216,0
DA:218,0
DA:228,0
DA:229,0
DA:238,0
DA:241,0
DA:242,0
DA:244,0
DA:245,0
DA:247,0
DA:248,0
DA:252,0
DA:254,0
DA:255,0
DA:256,0
DA:260,0
DA:261,0
DA:262,0
DA:266,0
DA:267,0
DA:268,0
DA:269,0
DA:270,0
DA:271,0
DA:273,0
DA:275,0
DA:281,0
DA:282,0
DA:283,0
DA:285,0
DA:289,0
DA:290,0
DA:291,0
DA:292,0
DA:293,0
DA:298,0
DA:299,0
DA:300,0
DA:301,0
DA:302,0
DA:303,0
DA:305,0
DA:312,0
DA:313,0
DA:314,0
DA:316,0
DA:320,0
DA:321,0
DA:322,0
DA:323,0
DA:324,0
DA:329,0
DA:330,0
DA:334,0
DA:335,0
DA:336,0
DA:337,0
DA:338,0
DA:339,0
DA:342,0
DA:344,0
DA:345,0
DA:347,0
DA:351,0
DA:352,0
DA:353,0
DA:354,0
DA:355,0
DA:358,0
DA:362,0
DA:363,0
DA:364,0
DA:368,0
DA:369,0
DA:370,0
DA:371,0
DA:372,0
DA:373,0
DA:374,0
DA:377,0
DA:378,0
DA:385,0
DA:386,0
DA:387,0
DA:388,0
DA:389,0
DA:390,0
DA:391,0
DA:392,0
DA:394,0
DA:395,0
DA:399,0
DA:400,0
DA:402,0
DA:403,0
DA:412,0
LF:192
LH:11
BRDA:4,0,0,1
BRDA:4,0,1,1
BRDA:58,1,0,0
BRDA:58,1,1,0
BRDA:58,1,2,0
BRDA:66,2,0,0
BRDA:66,2,1,0
BRDA:92,3,0,0
BRDA:107,4,0,0
BRDA:120,5,0,0
BRDA:120,5,1,0
BRDA:126,6,0,0
BRDA:137,7,0,0
BRDA:143,8,0,0
BRDA:143,8,1,0
BRDA:143,8,2,0
BRDA:161,9,0,0
BRDA:161,9,1,0
BRDA:161,9,2,0
BRDA:177,10,0,0
BRDA:181,11,0,0
BRDA:181,11,1,0
BRDA:181,11,2,0
BRDA:181,11,3,0
BRDA:200,12,0,0
BRDA:209,13,0,0
BRDA:238,14,0,0
BRDA:242,15,0,0
BRDA:248,16,0,0
BRDA:248,16,1,0
BRDA:254,17,0,0
BRDA:255,18,0,0
BRDA:260,19,0,0
BRDA:260,19,1,0
BRDA:268,20,0,0
BRDA:270,21,0,0
BRDA:270,21,1,0
BRDA:281,22,0,0
BRDA:283,23,0,0
BRDA:283,23,1,0
BRDA:291,24,0,0
BRDA:291,24,1,0
BRDA:300,25,0,0
BRDA:302,26,0,0
BRDA:302,26,1,0
BRDA:313,27,0,0
BRDA:314,28,0,0
BRDA:314,28,1,0
BRDA:321,29,0,0
BRDA:335,30,0,0
BRDA:344,31,0,0
BRDA:344,31,1,0
BRDA:354,32,0,0
BRDA:368,33,0,0
BRDA:368,33,1,0
BRDA:371,34,0,0
BRDA:371,35,0,0
BRDA:371,35,1,0
BRDA:372,36,0,0
BRDA:372,36,1,0
BRDA:385,37,0,0
BRDA:394,38,0,0
BRDA:394,39,0,0
BRDA:394,39,1,0
BRF:64
BRH:2
end_of_record
TN:
SF:src/components/storage/storage.ts
FN:27,(anonymous_9)
FN:35,(anonymous_10)
FN:39,(anonymous_11)
FN:43,(anonymous_12)
FN:47,(anonymous_13)
FN:59,(anonymous_14)
FN:88,(anonymous_15)
FN:99,(anonymous_16)
FN:119,(anonymous_17)
FN:150,(anonymous_18)
FN:169,(anonymous_19)
FN:178,(anonymous_20)
FN:187,(anonymous_21)
FN:191,(anonymous_22)
FN:195,(anonymous_23)
FN:199,(anonymous_24)
FN:203,(anonymous_25)
FN:207,(anonymous_26)
FN:211,(anonymous_27)
FN:224,(anonymous_28)
FN:239,(anonymous_29)
FN:251,(anonymous_30)
FN:264,(anonymous_31)
FNF:23
FNH:0
FNDA:0,(anonymous_9)
FNDA:0,(anonymous_10)
FNDA:0,(anonymous_11)
FNDA:0,(anonymous_12)
FNDA:0,(anonymous_13)
FNDA:0,(anonymous_14)
FNDA:0,(anonymous_15)
FNDA:0,(anonymous_16)
FNDA:0,(anonymous_17)
FNDA:0,(anonymous_18)
FNDA:0,(anonymous_19)
FNDA:0,(anonymous_20)
FNDA:0,(anonymous_21)
FNDA:0,(anonymous_22)
FNDA:0,(anonymous_23)
FNDA:0,(anonymous_24)
FNDA:0,(anonymous_25)
FNDA:0,(anonymous_26)
FNDA:0,(anonymous_27)
FNDA:0,(anonymous_28)
FNDA:0,(anonymous_29)
FNDA:0,(anonymous_30)
FNDA:0,(anonymous_31)
DA:1,0
DA:2,0
DA:3,0
DA:4,0
DA:5,0
DA:22,0
DA:28,0
DA:29,0
DA:30,0
DA:31,0
DA:32,0
DA:36,0
DA:40,0
DA:44,0
DA:48,0
DA:56,0
DA:60,0
DA:61,0
DA:63,0
DA:66,0
DA:67,0
DA:68,0
DA:69,0
DA:70,0
DA:71,0
DA:76,0
DA:77,0
DA:78,0
DA:81,0
DA:82,0
DA:85,0
DA:89,0
DA:90,0
DA:91,0
DA:94,0
DA:95,0
DA:96,0
DA:100,0
DA:101,0
DA:102,0
DA:104,0
DA:108,0
DA:109,0
DA:110,0
DA:111,0
DA:115,0
DA:116,0
DA:120,0
DA:121,0
DA:122,0
DA:123,0
DA:126,0
DA:127,0
DA:128,0
DA:132,0
DA:133,0
DA:134,0
DA:135,0
DA:136,0
DA:137,0
DA:138,0
DA:143,0
DA:145,0
DA:146,0
DA:151,0
DA:152,0
DA:153,0
DA:154,0
DA:155,0
DA:156,0
DA:157,0
DA:158,0
DA:159,0
DA:162,0
DA:164,0
DA:165,0
DA:170,0
DA:171,0
DA:172,0
DA:173,0
DA:174,0
DA:175,0
DA:179,0
DA:180,0
DA:181,0
DA:183,0
DA:188,0
DA:192,0
DA:196,0
DA:200,0
DA:204,0
DA:208,0
DA:212,0
DA:213,0
DA:215,0
DA:216,0
DA:217,0
DA:218,0
DA:219,0
DA:221,0
DA:225,0
DA:226,0
DA:227,0
DA:228,0
DA:229,0
DA:230,0
DA:231,0
DA:233,0
DA:236,0
DA:240,0
DA:248,0
DA:252,0
DA:253,0
DA:255,0
DA:256,0
DA:257,0
DA:259,0
DA:260,0
DA:261,0
DA:265,0
DA:266,0
DA:267,0
DA:268,0
DA:269,0
DA:270,0
DA:271,0
DA:273,0
DA:276,0
LF:128
LH:0
BRDA:66,0,0,0
BRDA:68,1,0,0
BRDA:68,2,0,0
BRDA:68,2,1,0
BRDA:76,3,0,0
BRDA:76,4,0,0
BRDA:76,4,1,0
BRDA:90,5,0,0
BRDA:104,6,0,0
BRDA:126,7,0,0
BRDA:126,8,0,0
BRDA:126,8,1,0
BRDA:132,9,0,0
BRDA:134,10,0,0
BRDA:134,11,0,0
BRDA:134,11,1,0
BRDA:136,12,0,0
BRDA:145,13,0,0
BRDA:156,14,0,0
BRDA:159,15,0,0
BRDA:164,16,0,0
BRDA:213,17,0,0
BRDA:215,18,0,0
BRDA:227,19,0,0
BRDA:227,19,1,0
BRDA:248,20,0,0
BRDA:248,20,1,0
BRDA:253,21,0,0
BRDA:255,22,0,0
BRDA:267,23,0,0
BRDA:268,24,0,0
BRDA:268,24,1,0
BRF:32
BRH:0
end_of_record
TN:
SF:src/components/types/types.ts
FN:4,(anonymous_0)
FN:25,(anonymous_1)
FN:113,(anonymous_2)
FNF:3
FNH:3
FNDA:2,(anonymous_0)
FNDA:2,(anonymous_1)
FNDA:2,(anonymous_2)
DA:4,2
DA:5,2
DA:6,2
DA:25,2
DA:26,2
DA:27,2
DA:28,2
DA:113,2
DA:114,2
DA:115,2
DA:116,2
DA:117,2
DA:118,2
DA:119,2
LF:14
LH:14
BRDA:4,0,0,2
BRDA:4,0,1,2
BRDA:25,1,0,2
BRDA:25,1,1,2
BRDA:113,2,0,2
BRDA:113,2,1,2
BRF:6
BRH:6
end_of_record
TN:
SF:src/lib/index.ts
FN:48,(anonymous_4)
FN:57,(anonymous_5)
FN:61,(anonymous_6)
FN:65,(anonymous_7)
FN:69,(anonymous_8)
FN:73,(anonymous_9)
FN:82,(anonymous_10)
FN:99,(anonymous_11)
FN:101,(anonymous_12)
FN:105,(anonymous_13)
FN:109,(anonymous_14)
FN:113,(anonymous_15)
FN:117,(anonymous_16)
FN:121,(anonymous_17)
FN:125,(anonymous_18)
FN:129,(anonymous_19)
FN:135,New
FNF:17
FNH:0
FNDA:0,(anonymous_4)
FNDA:0,(anonymous_5)
FNDA:0,(anonymous_6)
FNDA:0,(anonymous_7)
FNDA:0,(anonymous_8)
FNDA:0,(anonymous_9)
FNDA:0,(anonymous_10)
FNDA:0,(anonymous_11)
FNDA:0,(anonymous_12)
FNDA:0,(anonymous_13)
FNDA:0,(anonymous_14)
FNDA:0,(anonymous_15)
FNDA:0,(anonymous_16)
FNDA:0,(anonymous_17)
FNDA:0,(anonymous_18)
FNDA:0,(anonymous_19)
FNDA:0,New
DA:4,0
DA:7,0
DA:10,0
DA:13,0
DA:16,0
DA:17,0
DA:20,0
DA:23,0
DA:24,0
DA:27,0
DA:30,0
DA:31,0
DA:32,0
DA:42,0
DA:46,0
DA:49,0
DA:50,0
DA:52,0
DA:58,0
DA:62,0
DA:66,0
DA:70,0
DA:74,0
DA:75,0
DA:77,0
DA:78,0
DA:79,0
DA:83,0
DA:99,0
DA:102,0
DA:106,0
DA:110,0
DA:114,0
DA:118,0
DA:122,0
DA:126,0
DA:130,0
DA:135,0
DA:136,0
DA:137,0
DA:138,0
LF:41
LH:0
BRDA:52,0,0,0
BRDA:74,1,0,0
BRF:2
BRH:0
end_of_record
